<?xml version="1.0" encoding="UTF-8"?>
<testng-results skipped="0" failed="0" ignored="0" total="2" passed="2">
  <reporter-output>
  </reporter-output>
  <suite name="Default suite" duration-ms="38381" started-at="2019-09-28T11:07:03Z" finished-at="2019-09-28T11:07:41Z">
    <groups>
    </groups>
    <test name="Default test" duration-ms="38381" started-at="2019-09-28T11:07:03Z" finished-at="2019-09-28T11:07:41Z">
      <class name="com.auto.WaitsExample">
        <test-method status="PASS" signature="browser()[pri:1, instance:com.auto.WaitsExample@17211155]" name="browser" duration-ms="6912" started-at="2019-09-28T11:07:03Z" finished-at="2019-09-28T11:07:10Z">
          <reporter-output>
          </reporter-output>
        </test-method> <!-- browser -->
        <test-method status="PASS" signature="screenShotMethod()[pri:0, instance:com.auto.WaitsExample@17211155]" name="screenShotMethod" is-config="true" duration-ms="5461" started-at="2019-09-28T11:07:10Z" finished-at="2019-09-28T11:07:15Z">
          <reporter-output>
          </reporter-output>
        </test-method> <!-- screenShotMethod -->
        <test-method status="PASS" signature="logIn()[pri:2, instance:com.auto.WaitsExample@17211155]" name="logIn" duration-ms="15716" started-at="2019-09-28T11:07:15Z" finished-at="2019-09-28T11:07:31Z">
          <reporter-output>
          </reporter-output>
        </test-method> <!-- logIn -->
        <test-method status="PASS" signature="screenShotMethod()[pri:0, instance:com.auto.WaitsExample@17211155]" name="screenShotMethod" is-config="true" duration-ms="10240" started-at="2019-09-28T11:07:31Z" finished-at="2019-09-28T11:07:41Z">
          <reporter-output>
          </reporter-output>
        </test-method> <!-- screenShotMethod -->
      </class> <!-- com.auto.WaitsExample -->
    </test> <!-- Default test -->
  </suite> <!-- Default suite -->
</testng-results>
